<?xml version="1.0" encoding="UTF-8"?>
<testsuite name="io.substrait.compliance.loader.YamlTestSuiteLoaderTest" tests="2" skipped="0" failures="0" errors="0" timestamp="2026-04-22T23:17:52" hostname="Ranjans-MacBook-Pro.local" time="0.094">
  <properties/>
  <testcase name="testLoadSimpleYaml(Path)" classname="io.substrait.compliance.loader.YamlTestSuiteLoaderTest" time="0.093"/>
  <testcase name="testSupportsYamlFiles()" classname="io.substrait.compliance.loader.YamlTestSuiteLoaderTest" time="0.001"/>
  <system-out><![CDATA[]]></system-out>
  <system-err><![CDATA[]]></system-err>
</testsuite>
