<?xml version="1.0" encoding="UTF-8"?>
<testsuite name="io.substrait.compliance.ComplianceResultTest" tests="2" skipped="0" failures="0" errors="0" timestamp="2026-04-01T13:32:56" hostname="Ranjans-MacBook-Pro.local" time="0.003">
  <properties/>
  <testcase name="testSuccessResult()" classname="io.substrait.compliance.ComplianceResultTest" time="0.001"/>
  <testcase name="testFailureResult()" classname="io.substrait.compliance.ComplianceResultTest" time="0.001"/>
  <system-out><![CDATA[]]></system-out>
  <system-err><![CDATA[]]></system-err>
</testsuite>
