<?xml version="1.0" encoding="UTF-8"?>
<testsuite name="io.substrait.compliance.ComplianceReportTest" tests="3" skipped="0" failures="0" errors="0" timestamp="2026-05-30T02:11:17" hostname="Ranjans-MacBook-Pro.local" time="0.028">
  <properties/>
  <testcase name="testComplianceScore()" classname="io.substrait.compliance.ComplianceReportTest" time="0.024"/>
  <testcase name="testReportCreation()" classname="io.substrait.compliance.ComplianceReportTest" time="0.002"/>
  <testcase name="testAddingResults()" classname="io.substrait.compliance.ComplianceReportTest" time="0.001"/>
  <system-out><![CDATA[]]></system-out>
  <system-err><![CDATA[]]></system-err>
</testsuite>
