<?xml version="1.0" encoding="UTF-8"?>
<testsuite name="io.substrait.compliance.analysis.FailureAnalyzerTest" tests="11" skipped="0" failures="0" errors="0" timestamp="2026-04-22T23:17:52" hostname="Ranjans-MacBook-Pro.local" time="0.01">
  <properties/>
  <testcase name="testTimeout()" classname="io.substrait.compliance.analysis.FailureAnalyzerTest" time="0.002"/>
  <testcase name="testSuccessResult()" classname="io.substrait.compliance.analysis.FailureAnalyzerTest" time="0.0"/>
  <testcase name="testRuntimeError()" classname="io.substrait.compliance.analysis.FailureAnalyzerTest" time="0.0"/>
  <testcase name="testResourceExhaustion()" classname="io.substrait.compliance.analysis.FailureAnalyzerTest" time="0.0"/>
  <testcase name="testReportToString()" classname="io.substrait.compliance.analysis.FailureAnalyzerTest" time="0.002"/>
  <testcase name="testValidationError()" classname="io.substrait.compliance.analysis.FailureAnalyzerTest" time="0.001"/>
  <testcase name="testValueMismatch()" classname="io.substrait.compliance.analysis.FailureAnalyzerTest" time="0.001"/>
  <testcase name="testTypeMismatch()" classname="io.substrait.compliance.analysis.FailureAnalyzerTest" time="0.0"/>
  <testcase name="testUnsupportedFeature()" classname="io.substrait.compliance.analysis.FailureAnalyzerTest" time="0.0"/>
  <testcase name="testParsingError()" classname="io.substrait.compliance.analysis.FailureAnalyzerTest" time="0.0"/>
  <testcase name="testExplicitCategory()" classname="io.substrait.compliance.analysis.FailureAnalyzerTest" time="0.0"/>
  <system-out><![CDATA[]]></system-out>
  <system-err><![CDATA[]]></system-err>
</testsuite>
