<?xml version="1.0" encoding="UTF-8"?>
<testsuite name="io.substrait.compliance.EngineCapabilitiesTest" tests="2" skipped="0" failures="0" errors="0" timestamp="2026-04-22T23:17:52" hostname="Ranjans-MacBook-Pro.local" time="0.003">
  <properties/>
  <testcase name="testBuilderPattern()" classname="io.substrait.compliance.EngineCapabilitiesTest" time="0.003"/>
  <testcase name="testSupportsChecks()" classname="io.substrait.compliance.EngineCapabilitiesTest" time="0.0"/>
  <system-out><![CDATA[]]></system-out>
  <system-err><![CDATA[]]></system-err>
</testsuite>
