<?xml version="1.0" encoding="UTF-8"?>
<testsuite name="io.substrait.compliance.EngineInfoTest" tests="3" skipped="0" failures="0" errors="0" timestamp="2026-05-30T02:11:17" hostname="Ranjans-MacBook-Pro.local" time="0.002">
  <properties/>
  <testcase name="testToString()" classname="io.substrait.compliance.EngineInfoTest" time="0.001"/>
  <testcase name="testEngineInfoCreation()" classname="io.substrait.compliance.EngineInfoTest" time="0.0"/>
  <testcase name="testNullValidation()" classname="io.substrait.compliance.EngineInfoTest" time="0.0"/>
  <system-out><![CDATA[]]></system-out>
  <system-err><![CDATA[]]></system-err>
</testsuite>
